[ministerstvo-pitard.tilda.ws/index.html]
[backblue.gif]
[fade.gif]
[index.html]
[external.html]
[static.tildacdn.info/tild3462-3066-4366-b930-323534656232/-/resize/504x/1000005094.png]
[neo.tildacdn.com/js/tilda-fallback-1.0.min.js]
[static.tildacdn.info/css/tilda-grid-3.0.min.css]
[static.tildacdn.info/ws/project11759587/tilda-blocks-page60985677.min106b.css]
[static.tildacdn.info/css/fonts-tildasans.css]
[static.tildacdn.info/js/tilda-scripts-3.0.min.js]
[static.tildacdn.info/js/tilda-polyfill-1.0.min.js]
[static.tildacdn.info/ws/project11759587/tilda-blocks-page60985677.min106b.js]
[static.tildacdn.info/js/tilda-lazyload-1.0.min.js]
[static.tildacdn.info/js/tilda-events-1.0.min.js]
[static.tildacdn.info/tild3462-3066-4366-b930-323534656232/-/empty/1000005094.png]
[static.tildacdn.info/tild3462-3066-4366-b930-323534656232/1000005094.png]
[ministerstvo-pitard.tilda.ws/shop.html]
[ministerstvo-pitard.tilda.ws/vidguk.html]
[static.tildacdn.info/img/tildacopy.png]
[ministerstvo-pitard.tilda.ws/index.html]
[static.tildacdn.info/css/tilda-grid-3.0.min.css]
[static.tildacdn.info/ws/project11759587/tilda-blocks-page60985677.min106b.css]
[static.tildacdn.info/css/fonts-tildasans.css]
[ministerstvo-pitard.tilda.ws/shop.html]
[static.tildacdn.info/js/tilda-stat-1.0.min.js]
[static.tildacdn.info/ws/project11759587/tilda-blocks-page61309109.min106b.css]
[static.tildacdn.info/ws/project11759587/tilda-blocks-page61309109.min106b.js]
[ministerstvo-pitard.tilda.ws/vidguk.html]
[static.tildacdn.info/ws/project11759587/tilda-blocks-page61309109.min106b.css]
